<?xml version="1.0" encoding="UTF-8"?>
<!-- Generated by org.testng.reporters.JUnitReportReporter -->
<testsuite hostname="Arifuls-MacBook-Pro.local" failures="0" tests="1" name="com.netflix.runners.TestRunner" time="0.139" errors="0" timestamp="16 Jul 2022 15:20:55 GMT" skipped="0">
  <testcase classname="com.netflix.runners.TestRunner" name="runScenario" time="0.139"/>
</testsuite> <!-- com.netflix.runners.TestRunner -->
